2023-05-24 21:13:58,614 [Worker-7: Loading available Gradle versions] INFO  o.e.b.c.i.u.g.PublishedGradleVersions - Gradle version information cache is up-to-date. Trying to read.
2023-05-24 21:16:51,559 [Worker-26: Launching mavenrun-87099013-525a-40f6-a378-185e9e200a06] INFO  o.eclipse.m2e.core.internal.Bundles - getClasspathEntries(Bundle=org.eclipse.m2e.maven.runtime_3.8.604.20221130-2149 [603])
2023-05-24 21:16:51,591 [Worker-26: Launching mavenrun-87099013-525a-40f6-a378-185e9e200a06] INFO  o.eclipse.m2e.core.internal.Bundles - 	Entry: C:\Users\HP\.p2\pool\plugins\org.eclipse.m2e.maven.runtime_3.8.604.20221130-2149
2023-05-24 21:16:51,591 [Worker-26: Launching mavenrun-87099013-525a-40f6-a378-185e9e200a06] INFO  o.eclipse.m2e.core.internal.Bundles - 	Entry: C:\Users\HP\.p2\pool\plugins\org.eclipse.m2e.maven.runtime_3.8.604.20221130-2149\jars\aether-connector-okhttp-0.17.8.jar
2023-05-24 21:16:51,593 [Worker-26: Launching mavenrun-87099013-525a-40f6-a378-185e9e200a06] INFO  o.eclipse.m2e.core.internal.Bundles - 	Entry: C:\Users\HP\.p2\pool\plugins\org.eclipse.m2e.maven.runtime_3.8.604.20221130-2149\jars\commons-cli-1.4.jar
2023-05-24 21:16:51,593 [Worker-26: Launching mavenrun-87099013-525a-40f6-a378-185e9e200a06] INFO  o.eclipse.m2e.core.internal.Bundles - 	Entry: C:\Users\HP\.p2\pool\plugins\org.eclipse.m2e.maven.runtime_3.8.604.20221130-2149\jars\commons-io-2.6.jar
2023-05-24 21:16:51,593 [Worker-26: Launching mavenrun-87099013-525a-40f6-a378-185e9e200a06] INFO  o.eclipse.m2e.core.internal.Bundles - 	Entry: C:\Users\HP\.p2\pool\plugins\org.eclipse.m2e.maven.runtime_3.8.604.20221130-2149\jars\commons-lang3-3.8.1.jar
2023-05-24 21:16:51,593 [Worker-26: Launching mavenrun-87099013-525a-40f6-a378-185e9e200a06] INFO  o.eclipse.m2e.core.internal.Bundles - 	Entry: C:\Users\HP\.p2\pool\plugins\org.eclipse.m2e.maven.runtime_3.8.604.20221130-2149\jars\guice-4.2.2-no_aop.jar
2023-05-24 21:16:51,593 [Worker-26: Launching mavenrun-87099013-525a-40f6-a378-185e9e200a06] INFO  o.eclipse.m2e.core.internal.Bundles - 	Entry: C:\Users\HP\.p2\pool\plugins\org.eclipse.m2e.maven.runtime_3.8.604.20221130-2149\jars\jansi-2.4.0.jar
2023-05-24 21:16:51,594 [Worker-26: Launching mavenrun-87099013-525a-40f6-a378-185e9e200a06] INFO  o.eclipse.m2e.core.internal.Bundles - 	Entry: C:\Users\HP\.p2\pool\plugins\org.eclipse.m2e.maven.runtime_3.8.604.20221130-2149\jars\maven-artifact-3.8.6.jar
2023-05-24 21:16:51,594 [Worker-26: Launching mavenrun-87099013-525a-40f6-a378-185e9e200a06] INFO  o.eclipse.m2e.core.internal.Bundles - 	Entry: C:\Users\HP\.p2\pool\plugins\org.eclipse.m2e.maven.runtime_3.8.604.20221130-2149\jars\maven-builder-support-3.8.6.jar
2023-05-24 21:16:51,594 [Worker-26: Launching mavenrun-87099013-525a-40f6-a378-185e9e200a06] INFO  o.eclipse.m2e.core.internal.Bundles - 	Entry: C:\Users\HP\.p2\pool\plugins\org.eclipse.m2e.maven.runtime_3.8.604.20221130-2149\jars\maven-compat-3.8.6.jar
2023-05-24 21:16:51,594 [Worker-26: Launching mavenrun-87099013-525a-40f6-a378-185e9e200a06] INFO  o.eclipse.m2e.core.internal.Bundles - 	Entry: C:\Users\HP\.p2\pool\plugins\org.eclipse.m2e.maven.runtime_3.8.604.20221130-2149\jars\maven-core-3.8.6.jar
2023-05-24 21:16:51,594 [Worker-26: Launching mavenrun-87099013-525a-40f6-a378-185e9e200a06] INFO  o.eclipse.m2e.core.internal.Bundles - 	Entry: C:\Users\HP\.p2\pool\plugins\org.eclipse.m2e.maven.runtime_3.8.604.20221130-2149\jars\maven-embedder-3.8.6.jar
2023-05-24 21:16:51,594 [Worker-26: Launching mavenrun-87099013-525a-40f6-a378-185e9e200a06] INFO  o.eclipse.m2e.core.internal.Bundles - 	Entry: C:\Users\HP\.p2\pool\plugins\org.eclipse.m2e.maven.runtime_3.8.604.20221130-2149\jars\maven-model-3.8.6.jar
2023-05-24 21:16:51,595 [Worker-26: Launching mavenrun-87099013-525a-40f6-a378-185e9e200a06] INFO  o.eclipse.m2e.core.internal.Bundles - 	Entry: C:\Users\HP\.p2\pool\plugins\org.eclipse.m2e.maven.runtime_3.8.604.20221130-2149\jars\maven-model-builder-3.8.6.jar
2023-05-24 21:16:51,595 [Worker-26: Launching mavenrun-87099013-525a-40f6-a378-185e9e200a06] INFO  o.eclipse.m2e.core.internal.Bundles - 	Entry: C:\Users\HP\.p2\pool\plugins\org.eclipse.m2e.maven.runtime_3.8.604.20221130-2149\jars\maven-plugin-api-3.8.6.jar
2023-05-24 21:16:51,595 [Worker-26: Launching mavenrun-87099013-525a-40f6-a378-185e9e200a06] INFO  o.eclipse.m2e.core.internal.Bundles - 	Entry: C:\Users\HP\.p2\pool\plugins\org.eclipse.m2e.maven.runtime_3.8.604.20221130-2149\jars\maven-repository-metadata-3.8.6.jar
2023-05-24 21:16:51,595 [Worker-26: Launching mavenrun-87099013-525a-40f6-a378-185e9e200a06] INFO  o.eclipse.m2e.core.internal.Bundles - 	Entry: C:\Users\HP\.p2\pool\plugins\org.eclipse.m2e.maven.runtime_3.8.604.20221130-2149\jars\maven-resolver-api-1.6.3.jar
2023-05-24 21:16:51,595 [Worker-26: Launching mavenrun-87099013-525a-40f6-a378-185e9e200a06] INFO  o.eclipse.m2e.core.internal.Bundles - 	Entry: C:\Users\HP\.p2\pool\plugins\org.eclipse.m2e.maven.runtime_3.8.604.20221130-2149\jars\maven-resolver-connector-basic-1.6.3.jar
2023-05-24 21:16:51,595 [Worker-26: Launching mavenrun-87099013-525a-40f6-a378-185e9e200a06] INFO  o.eclipse.m2e.core.internal.Bundles - 	Entry: C:\Users\HP\.p2\pool\plugins\org.eclipse.m2e.maven.runtime_3.8.604.20221130-2149\jars\maven-resolver-impl-1.6.3.jar
2023-05-24 21:16:51,595 [Worker-26: Launching mavenrun-87099013-525a-40f6-a378-185e9e200a06] INFO  o.eclipse.m2e.core.internal.Bundles - 	Entry: C:\Users\HP\.p2\pool\plugins\org.eclipse.m2e.maven.runtime_3.8.604.20221130-2149\jars\maven-resolver-provider-3.8.6.jar
2023-05-24 21:16:51,595 [Worker-26: Launching mavenrun-87099013-525a-40f6-a378-185e9e200a06] INFO  o.eclipse.m2e.core.internal.Bundles - 	Entry: C:\Users\HP\.p2\pool\plugins\org.eclipse.m2e.maven.runtime_3.8.604.20221130-2149\jars\maven-resolver-spi-1.6.3.jar
2023-05-24 21:16:51,595 [Worker-26: Launching mavenrun-87099013-525a-40f6-a378-185e9e200a06] INFO  o.eclipse.m2e.core.internal.Bundles - 	Entry: C:\Users\HP\.p2\pool\plugins\org.eclipse.m2e.maven.runtime_3.8.604.20221130-2149\jars\maven-resolver-transport-wagon-1.6.3.jar
2023-05-24 21:16:51,595 [Worker-26: Launching mavenrun-87099013-525a-40f6-a378-185e9e200a06] INFO  o.eclipse.m2e.core.internal.Bundles - 	Entry: C:\Users\HP\.p2\pool\plugins\org.eclipse.m2e.maven.runtime_3.8.604.20221130-2149\jars\maven-resolver-util-1.6.3.jar
2023-05-24 21:16:51,596 [Worker-26: Launching mavenrun-87099013-525a-40f6-a378-185e9e200a06] INFO  o.eclipse.m2e.core.internal.Bundles - 	Entry: C:\Users\HP\.p2\pool\plugins\org.eclipse.m2e.maven.runtime_3.8.604.20221130-2149\jars\maven-settings-3.8.6.jar
2023-05-24 21:16:51,596 [Worker-26: Launching mavenrun-87099013-525a-40f6-a378-185e9e200a06] INFO  o.eclipse.m2e.core.internal.Bundles - 	Entry: C:\Users\HP\.p2\pool\plugins\org.eclipse.m2e.maven.runtime_3.8.604.20221130-2149\jars\maven-settings-builder-3.8.6.jar
2023-05-24 21:16:51,596 [Worker-26: Launching mavenrun-87099013-525a-40f6-a378-185e9e200a06] INFO  o.eclipse.m2e.core.internal.Bundles - 	Entry: C:\Users\HP\.p2\pool\plugins\org.eclipse.m2e.maven.runtime_3.8.604.20221130-2149\jars\maven-shared-utils-3.3.4.jar
2023-05-24 21:16:51,596 [Worker-26: Launching mavenrun-87099013-525a-40f6-a378-185e9e200a06] INFO  o.eclipse.m2e.core.internal.Bundles - 	Entry: C:\Users\HP\.p2\pool\plugins\org.eclipse.m2e.maven.runtime_3.8.604.20221130-2149\jars\okhttp-3.14.1.jar
2023-05-24 21:16:51,596 [Worker-26: Launching mavenrun-87099013-525a-40f6-a378-185e9e200a06] INFO  o.eclipse.m2e.core.internal.Bundles - 	Entry: C:\Users\HP\.p2\pool\plugins\org.eclipse.m2e.maven.runtime_3.8.604.20221130-2149\jars\okio-1.17.3.jar
2023-05-24 21:16:51,596 [Worker-26: Launching mavenrun-87099013-525a-40f6-a378-185e9e200a06] INFO  o.eclipse.m2e.core.internal.Bundles - 	Entry: C:\Users\HP\.p2\pool\plugins\org.eclipse.m2e.maven.runtime_3.8.604.20221130-2149\jars\org.eclipse.sisu.inject-0.3.5.jar
2023-05-24 21:16:51,596 [Worker-26: Launching mavenrun-87099013-525a-40f6-a378-185e9e200a06] INFO  o.eclipse.m2e.core.internal.Bundles - 	Entry: C:\Users\HP\.p2\pool\plugins\org.eclipse.m2e.maven.runtime_3.8.604.20221130-2149\jars\org.eclipse.sisu.plexus-0.3.5.jar
2023-05-24 21:16:51,596 [Worker-26: Launching mavenrun-87099013-525a-40f6-a378-185e9e200a06] INFO  o.eclipse.m2e.core.internal.Bundles - 	Entry: C:\Users\HP\.p2\pool\plugins\org.eclipse.m2e.maven.runtime_3.8.604.20221130-2149\jars\plexus-build-api-0.0.7.jar
2023-05-24 21:16:51,597 [Worker-26: Launching mavenrun-87099013-525a-40f6-a378-185e9e200a06] INFO  o.eclipse.m2e.core.internal.Bundles - 	Entry: C:\Users\HP\.p2\pool\plugins\org.eclipse.m2e.maven.runtime_3.8.604.20221130-2149\jars\plexus-cipher-2.0.jar
2023-05-24 21:16:51,597 [Worker-26: Launching mavenrun-87099013-525a-40f6-a378-185e9e200a06] INFO  o.eclipse.m2e.core.internal.Bundles - 	Entry: C:\Users\HP\.p2\pool\plugins\org.eclipse.m2e.maven.runtime_3.8.604.20221130-2149\jars\plexus-classworlds-2.6.0.jar
2023-05-24 21:16:51,597 [Worker-26: Launching mavenrun-87099013-525a-40f6-a378-185e9e200a06] INFO  o.eclipse.m2e.core.internal.Bundles - 	Entry: C:\Users\HP\.p2\pool\plugins\org.eclipse.m2e.maven.runtime_3.8.604.20221130-2149\jars\plexus-component-annotations-2.1.0.jar
2023-05-24 21:16:51,597 [Worker-26: Launching mavenrun-87099013-525a-40f6-a378-185e9e200a06] INFO  o.eclipse.m2e.core.internal.Bundles - 	Entry: C:\Users\HP\.p2\pool\plugins\org.eclipse.m2e.maven.runtime_3.8.604.20221130-2149\jars\plexus-interpolation-1.26.jar
2023-05-24 21:16:51,597 [Worker-26: Launching mavenrun-87099013-525a-40f6-a378-185e9e200a06] INFO  o.eclipse.m2e.core.internal.Bundles - 	Entry: C:\Users\HP\.p2\pool\plugins\org.eclipse.m2e.maven.runtime_3.8.604.20221130-2149\jars\plexus-sec-dispatcher-2.0.jar
2023-05-24 21:16:51,597 [Worker-26: Launching mavenrun-87099013-525a-40f6-a378-185e9e200a06] INFO  o.eclipse.m2e.core.internal.Bundles - 	Entry: C:\Users\HP\.p2\pool\plugins\org.eclipse.m2e.maven.runtime_3.8.604.20221130-2149\jars\plexus-utils-3.3.1.jar
2023-05-24 21:16:51,598 [Worker-26: Launching mavenrun-87099013-525a-40f6-a378-185e9e200a06] INFO  o.eclipse.m2e.core.internal.Bundles - 	Entry: C:\Users\HP\.p2\pool\plugins\org.eclipse.m2e.maven.runtime_3.8.604.20221130-2149\jars\wagon-file-3.5.1.jar
2023-05-24 21:16:51,598 [Worker-26: Launching mavenrun-87099013-525a-40f6-a378-185e9e200a06] INFO  o.eclipse.m2e.core.internal.Bundles - 	Entry: C:\Users\HP\.p2\pool\plugins\org.eclipse.m2e.maven.runtime_3.8.604.20221130-2149\jars\wagon-provider-api-3.5.1.jar
2023-05-24 21:16:51,600 [Worker-26: Launching mavenrun-87099013-525a-40f6-a378-185e9e200a06] INFO  o.eclipse.m2e.core.internal.Bundles - getClasspathEntries(Bundle=com.google.guava_30.1.0.v20221112-0806 [10])
2023-05-24 21:16:51,628 [Worker-26: Launching mavenrun-87099013-525a-40f6-a378-185e9e200a06] INFO  o.eclipse.m2e.core.internal.Bundles - 	Entry: C:\Users\HP\.p2\pool\plugins\com.google.guava_30.1.0.v20221112-0806.jar
2023-05-24 21:16:51,628 [Worker-26: Launching mavenrun-87099013-525a-40f6-a378-185e9e200a06] INFO  o.eclipse.m2e.core.internal.Bundles - getClasspathEntries(Bundle=slf4j.api_1.7.36 [915])
2023-05-24 21:16:51,628 [Worker-26: Launching mavenrun-87099013-525a-40f6-a378-185e9e200a06] INFO  o.eclipse.m2e.core.internal.Bundles - 	Entry: C:\Users\HP\.p2\pool\plugins\slf4j.api_1.7.36.jar
2023-05-24 21:16:51,629 [Worker-26: Launching mavenrun-87099013-525a-40f6-a378-185e9e200a06] INFO  o.eclipse.m2e.core.internal.Bundles - getClasspathEntries(Bundle=javax.inject_1.0.0.v20220405-0441 [32])
2023-05-24 21:16:51,629 [Worker-26: Launching mavenrun-87099013-525a-40f6-a378-185e9e200a06] INFO  o.eclipse.m2e.core.internal.Bundles - 	Entry: C:\Users\HP\.p2\pool\plugins\javax.inject_1.0.0.v20220405-0441.jar
2023-05-24 21:16:51,629 [Worker-26: Launching mavenrun-87099013-525a-40f6-a378-185e9e200a06] INFO  o.eclipse.m2e.core.internal.Bundles - getClasspathEntries(Bundle=javax.annotation_1.3.5.v20221112-0806 [30])
2023-05-24 21:16:51,630 [Worker-26: Launching mavenrun-87099013-525a-40f6-a378-185e9e200a06] INFO  o.eclipse.m2e.core.internal.Bundles - 	Entry: C:\Users\HP\.p2\pool\plugins\javax.annotation_1.3.5.v20221112-0806.jar
2023-05-24 21:16:51,636 [Worker-26: Launching mavenrun-87099013-525a-40f6-a378-185e9e200a06] INFO  o.e.m.i.launch.MavenLaunchDelegate - Run build in "C:\Users\HP\AppData\Local\Temp\m2e-archetypeGenerator7830500094535462595":
2023-05-24 21:16:51,639 [Worker-26: Launching mavenrun-87099013-525a-40f6-a378-185e9e200a06] INFO  o.e.m.i.launch.MavenLaunchDelegate -  mvn  -DarchetypeGroupId=org.apache.maven.archetypes -DarchetypeArtifactId=maven-archetype-quickstart -DarchetypeVersion=1.1 -DgroupId=setter -DartifactId=DependencyInjection -Dversion=0.0.1-SNAPSHOT -Dpackage=setterbased -DoutputDirectory=F:\eclipse\Module5 -Dstyle.color=always -U archetype:generate
2023-05-24 21:17:15,412 [Worker-6: Creating maven-archetype-quickstart] INFO  o.e.m.c.i.p.ProjectConfigurationManager - Collecting project info '/pom.xml' F:\eclipse\Module5\DependencyInjection\pom.xml
2023-05-24 21:17:23,586 [Worker-6: Creating maven-archetype-quickstart] INFO  o.e.m.c.i.l.LifecycleMappingFactory - Using org.eclipse.m2e.jdt.JarLifecycleMapping lifecycle mapping for MavenProject: setter:DependencyInjection:0.0.1-SNAPSHOT @ F:\eclipse\Module5\DependencyInjection\pom.xml.
2023-05-24 21:17:25,739 [Worker-6: Creating maven-archetype-quickstart] INFO  o.e.m.j.i.AbstractJavaProjectConfigurator - Adding source folder /DependencyInjection/src/main/java
2023-05-24 21:17:25,743 [Worker-6: Creating maven-archetype-quickstart] INFO  o.e.m.j.i.AbstractJavaProjectConfigurator - Adding source folder /DependencyInjection/src/test/java
2023-05-24 21:17:30,068 [Worker-26: Building] INFO  o.e.m.c.i.embedder.EclipseLogger - Using 'UTF-8' encoding to copy filtered resources.
2023-05-24 21:17:30,068 [Worker-26: Building] INFO  o.e.m.c.i.embedder.EclipseLogger - skip non existing resourceDirectory F:\eclipse\Module5\DependencyInjection\src\main\resources
2023-05-24 21:17:30,071 [Worker-26: Building] INFO  o.e.m.c.i.embedder.EclipseLogger - Using 'UTF-8' encoding to copy filtered resources.
2023-05-24 21:17:30,072 [Worker-26: Building] INFO  o.e.m.c.i.embedder.EclipseLogger - skip non existing resourceDirectory F:\eclipse\Module5\DependencyInjection\src\test\resources
2023-05-24 21:19:48,959 [Worker-29: Building] INFO  o.e.m.c.i.l.LifecycleMappingFactory - Using org.eclipse.m2e.jdt.JarLifecycleMapping lifecycle mapping for MavenProject: setter:DependencyInjection:0.0.1-SNAPSHOT @ F:\eclipse\Module5\DependencyInjection\pom.xml.
2023-05-24 21:19:50,253 [Worker-29: Building] INFO  o.e.m.c.i.embedder.EclipseLogger - Using 'UTF-8' encoding to copy filtered resources.
2023-05-24 21:19:50,254 [Worker-29: Building] INFO  o.e.m.c.i.embedder.EclipseLogger - skip non existing resourceDirectory F:\eclipse\Module5\DependencyInjection\src\main\resources
2023-05-24 21:19:50,256 [Worker-29: Building] INFO  o.e.m.c.i.embedder.EclipseLogger - Using 'UTF-8' encoding to copy filtered resources.
2023-05-24 21:19:50,257 [Worker-29: Building] INFO  o.e.m.c.i.embedder.EclipseLogger - skip non existing resourceDirectory F:\eclipse\Module5\DependencyInjection\src\test\resources
2023-05-24 21:19:55,653 [Worker-30: Updating Maven Project] INFO  o.e.m.c.i.p.ProjectConfigurationManager - Update started
2023-05-24 21:19:59,623 [Worker-30: Updating Maven Project] INFO  o.e.m.c.i.l.LifecycleMappingFactory - Using org.eclipse.m2e.jdt.JarLifecycleMapping lifecycle mapping for MavenProject: setter:DependencyInjection:0.0.1-SNAPSHOT @ F:\eclipse\Module5\DependencyInjection\pom.xml.
2023-05-24 21:20:00,412 [Worker-30: Updating Maven Project] INFO  o.e.m.j.i.AbstractJavaProjectConfigurator - Adding source folder /DependencyInjection/src/main/java
2023-05-24 21:20:00,413 [Worker-30: Updating Maven Project] INFO  o.e.m.j.i.AbstractJavaProjectConfigurator - Adding source folder /DependencyInjection/src/test/java
2023-05-24 21:20:02,945 [Worker-29: Building] INFO  o.e.m.c.i.embedder.EclipseLogger - Using 'UTF-8' encoding to copy filtered resources.
2023-05-24 21:20:02,946 [Worker-29: Building] INFO  o.e.m.c.i.embedder.EclipseLogger - skip non existing resourceDirectory F:\eclipse\Module5\DependencyInjection\src\main\resources
2023-05-24 21:20:02,947 [Worker-29: Building] INFO  o.e.m.c.i.embedder.EclipseLogger - Using 'UTF-8' encoding to copy filtered resources.
2023-05-24 21:20:02,947 [Worker-29: Building] INFO  o.e.m.c.i.embedder.EclipseLogger - skip non existing resourceDirectory F:\eclipse\Module5\DependencyInjection\src\test\resources
2023-05-24 21:27:56,236 [Worker-33: Building] INFO  o.e.m.c.i.embedder.EclipseLogger - Using 'UTF-8' encoding to copy filtered resources.
2023-05-24 21:27:56,236 [Worker-33: Building] INFO  o.e.m.c.i.embedder.EclipseLogger - skip non existing resourceDirectory F:\eclipse\Module5\DependencyInjection\src\main\resources
2023-05-24 21:27:56,238 [Worker-33: Building] INFO  o.e.m.c.i.embedder.EclipseLogger - Using 'UTF-8' encoding to copy filtered resources.
2023-05-24 21:27:56,238 [Worker-33: Building] INFO  o.e.m.c.i.embedder.EclipseLogger - skip non existing resourceDirectory F:\eclipse\Module5\DependencyInjection\src\test\resources
2023-05-24 21:27:57,255 [Worker-34: Building] INFO  o.e.m.c.i.embedder.EclipseLogger - Using 'UTF-8' encoding to copy filtered resources.
2023-05-24 21:27:57,255 [Worker-34: Building] INFO  o.e.m.c.i.embedder.EclipseLogger - skip non existing resourceDirectory F:\eclipse\Module5\DependencyInjection\src\main\resources
2023-05-24 21:27:57,257 [Worker-34: Building] INFO  o.e.m.c.i.embedder.EclipseLogger - Using 'UTF-8' encoding to copy filtered resources.
2023-05-24 21:27:57,257 [Worker-34: Building] INFO  o.e.m.c.i.embedder.EclipseLogger - skip non existing resourceDirectory F:\eclipse\Module5\DependencyInjection\src\test\resources
2023-05-24 21:28:20,947 [Worker-35: Building] INFO  o.e.m.c.i.embedder.EclipseLogger - Using 'UTF-8' encoding to copy filtered resources.
2023-05-24 21:28:20,948 [Worker-35: Building] INFO  o.e.m.c.i.embedder.EclipseLogger - skip non existing resourceDirectory F:\eclipse\Module5\DependencyInjection\src\main\resources
2023-05-24 21:28:20,950 [Worker-35: Building] INFO  o.e.m.c.i.embedder.EclipseLogger - Using 'UTF-8' encoding to copy filtered resources.
2023-05-24 21:28:20,950 [Worker-35: Building] INFO  o.e.m.c.i.embedder.EclipseLogger - skip non existing resourceDirectory F:\eclipse\Module5\DependencyInjection\src\test\resources
2023-05-24 21:28:45,868 [Worker-34: Building] INFO  o.e.m.c.i.embedder.EclipseLogger - Using 'UTF-8' encoding to copy filtered resources.
2023-05-24 21:28:45,868 [Worker-34: Building] INFO  o.e.m.c.i.embedder.EclipseLogger - skip non existing resourceDirectory F:\eclipse\Module5\DependencyInjection\src\main\resources
2023-05-24 21:28:45,869 [Worker-34: Building] INFO  o.e.m.c.i.embedder.EclipseLogger - Using 'UTF-8' encoding to copy filtered resources.
2023-05-24 21:28:45,870 [Worker-34: Building] INFO  o.e.m.c.i.embedder.EclipseLogger - skip non existing resourceDirectory F:\eclipse\Module5\DependencyInjection\src\test\resources
2023-05-24 21:38:04,060 [Worker-38: Building] INFO  o.e.m.c.i.embedder.EclipseLogger - Using 'UTF-8' encoding to copy filtered resources.
2023-05-24 21:38:04,060 [Worker-38: Building] INFO  o.e.m.c.i.embedder.EclipseLogger - skip non existing resourceDirectory F:\eclipse\Module5\DependencyInjection\src\main\resources
2023-05-24 21:38:04,061 [Worker-38: Building] INFO  o.e.m.c.i.embedder.EclipseLogger - Using 'UTF-8' encoding to copy filtered resources.
2023-05-24 21:38:04,062 [Worker-38: Building] INFO  o.e.m.c.i.embedder.EclipseLogger - skip non existing resourceDirectory F:\eclipse\Module5\DependencyInjection\src\test\resources
2023-05-24 21:40:18,479 [Worker-39: Building] INFO  o.e.m.c.i.embedder.EclipseLogger - Using 'UTF-8' encoding to copy filtered resources.
2023-05-24 21:40:18,480 [Worker-39: Building] INFO  o.e.m.c.i.embedder.EclipseLogger - skip non existing resourceDirectory F:\eclipse\Module5\DependencyInjection\src\main\resources
2023-05-24 21:40:18,481 [Worker-39: Building] INFO  o.e.m.c.i.embedder.EclipseLogger - Using 'UTF-8' encoding to copy filtered resources.
2023-05-24 21:40:18,481 [Worker-39: Building] INFO  o.e.m.c.i.embedder.EclipseLogger - skip non existing resourceDirectory F:\eclipse\Module5\DependencyInjection\src\test\resources
2023-05-24 21:41:20,461 [Worker-33: Building] INFO  o.e.m.c.i.embedder.EclipseLogger - Using 'UTF-8' encoding to copy filtered resources.
2023-05-24 21:41:20,462 [Worker-33: Building] INFO  o.e.m.c.i.embedder.EclipseLogger - skip non existing resourceDirectory F:\eclipse\Module5\DependencyInjection\src\main\resources
2023-05-24 21:41:20,464 [Worker-33: Building] INFO  o.e.m.c.i.embedder.EclipseLogger - Using 'UTF-8' encoding to copy filtered resources.
2023-05-24 21:41:20,464 [Worker-33: Building] INFO  o.e.m.c.i.embedder.EclipseLogger - skip non existing resourceDirectory F:\eclipse\Module5\DependencyInjection\src\test\resources
2023-05-24 21:44:15,515 [Worker-40: Building] INFO  o.e.m.c.i.embedder.EclipseLogger - Using 'UTF-8' encoding to copy filtered resources.
2023-05-24 21:44:15,515 [Worker-40: Building] INFO  o.e.m.c.i.embedder.EclipseLogger - skip non existing resourceDirectory F:\eclipse\Module5\DependencyInjection\src\main\resources
2023-05-24 21:44:15,516 [Worker-40: Building] INFO  o.e.m.c.i.embedder.EclipseLogger - Using 'UTF-8' encoding to copy filtered resources.
2023-05-24 21:44:15,517 [Worker-40: Building] INFO  o.e.m.c.i.embedder.EclipseLogger - skip non existing resourceDirectory F:\eclipse\Module5\DependencyInjection\src\test\resources
2023-05-24 21:44:41,703 [Worker-39: Building] INFO  o.e.m.c.i.embedder.EclipseLogger - Using 'UTF-8' encoding to copy filtered resources.
2023-05-24 21:44:41,703 [Worker-39: Building] INFO  o.e.m.c.i.embedder.EclipseLogger - skip non existing resourceDirectory F:\eclipse\Module5\DependencyInjection\src\main\resources
2023-05-24 21:44:41,704 [Worker-39: Building] INFO  o.e.m.c.i.embedder.EclipseLogger - Using 'UTF-8' encoding to copy filtered resources.
2023-05-24 21:44:41,704 [Worker-39: Building] INFO  o.e.m.c.i.embedder.EclipseLogger - skip non existing resourceDirectory F:\eclipse\Module5\DependencyInjection\src\test\resources
2023-05-24 21:45:35,857 [Worker-40: Building] INFO  o.e.m.c.i.embedder.EclipseLogger - Using 'UTF-8' encoding to copy filtered resources.
2023-05-24 21:45:35,857 [Worker-40: Building] INFO  o.e.m.c.i.embedder.EclipseLogger - skip non existing resourceDirectory F:\eclipse\Module5\DependencyInjection\src\main\resources
2023-05-24 21:45:35,858 [Worker-40: Building] INFO  o.e.m.c.i.embedder.EclipseLogger - Using 'UTF-8' encoding to copy filtered resources.
2023-05-24 21:45:35,858 [Worker-40: Building] INFO  o.e.m.c.i.embedder.EclipseLogger - skip non existing resourceDirectory F:\eclipse\Module5\DependencyInjection\src\test\resources
2023-05-24 21:46:05,541 [Worker-41: Building] INFO  o.e.m.c.i.embedder.EclipseLogger - Using 'UTF-8' encoding to copy filtered resources.
2023-05-24 21:46:05,542 [Worker-41: Building] INFO  o.e.m.c.i.embedder.EclipseLogger - skip non existing resourceDirectory F:\eclipse\Module5\DependencyInjection\src\main\resources
2023-05-24 21:46:05,543 [Worker-41: Building] INFO  o.e.m.c.i.embedder.EclipseLogger - Using 'UTF-8' encoding to copy filtered resources.
2023-05-24 21:46:05,543 [Worker-41: Building] INFO  o.e.m.c.i.embedder.EclipseLogger - skip non existing resourceDirectory F:\eclipse\Module5\DependencyInjection\src\test\resources
2023-05-24 21:46:29,535 [Worker-39: Building] INFO  o.e.m.c.i.embedder.EclipseLogger - Using 'UTF-8' encoding to copy filtered resources.
2023-05-24 21:46:29,535 [Worker-39: Building] INFO  o.e.m.c.i.embedder.EclipseLogger - skip non existing resourceDirectory F:\eclipse\Module5\DependencyInjection\src\main\resources
2023-05-24 21:46:29,536 [Worker-39: Building] INFO  o.e.m.c.i.embedder.EclipseLogger - Using 'UTF-8' encoding to copy filtered resources.
2023-05-24 21:46:29,536 [Worker-39: Building] INFO  o.e.m.c.i.embedder.EclipseLogger - skip non existing resourceDirectory F:\eclipse\Module5\DependencyInjection\src\test\resources
2023-05-24 21:46:45,393 [Worker-41: Building] INFO  o.e.m.c.i.embedder.EclipseLogger - Using 'UTF-8' encoding to copy filtered resources.
2023-05-24 21:46:45,393 [Worker-41: Building] INFO  o.e.m.c.i.embedder.EclipseLogger - skip non existing resourceDirectory F:\eclipse\Module5\DependencyInjection\src\main\resources
2023-05-24 21:46:45,395 [Worker-41: Building] INFO  o.e.m.c.i.embedder.EclipseLogger - Using 'UTF-8' encoding to copy filtered resources.
2023-05-24 21:46:45,395 [Worker-41: Building] INFO  o.e.m.c.i.embedder.EclipseLogger - skip non existing resourceDirectory F:\eclipse\Module5\DependencyInjection\src\test\resources
2023-05-24 21:47:02,876 [Worker-39: Building] INFO  o.e.m.c.i.embedder.EclipseLogger - Using 'UTF-8' encoding to copy filtered resources.
2023-05-24 21:47:02,876 [Worker-39: Building] INFO  o.e.m.c.i.embedder.EclipseLogger - skip non existing resourceDirectory F:\eclipse\Module5\DependencyInjection\src\main\resources
2023-05-24 21:47:02,878 [Worker-39: Building] INFO  o.e.m.c.i.embedder.EclipseLogger - Using 'UTF-8' encoding to copy filtered resources.
2023-05-24 21:47:02,878 [Worker-39: Building] INFO  o.e.m.c.i.embedder.EclipseLogger - skip non existing resourceDirectory F:\eclipse\Module5\DependencyInjection\src\test\resources
2023-05-24 21:49:29,809 [Worker-33: Building] INFO  o.e.m.c.i.embedder.EclipseLogger - Using 'UTF-8' encoding to copy filtered resources.
2023-05-24 21:49:29,809 [Worker-33: Building] INFO  o.e.m.c.i.embedder.EclipseLogger - skip non existing resourceDirectory F:\eclipse\Module5\DependencyInjection\src\main\resources
2023-05-24 21:49:29,811 [Worker-33: Building] INFO  o.e.m.c.i.embedder.EclipseLogger - Using 'UTF-8' encoding to copy filtered resources.
2023-05-24 21:49:29,811 [Worker-33: Building] INFO  o.e.m.c.i.embedder.EclipseLogger - skip non existing resourceDirectory F:\eclipse\Module5\DependencyInjection\src\test\resources
2023-05-24 21:52:47,356 [Worker-39: Building] INFO  o.e.m.c.i.embedder.EclipseLogger - Using 'UTF-8' encoding to copy filtered resources.
2023-05-24 21:52:47,356 [Worker-39: Building] INFO  o.e.m.c.i.embedder.EclipseLogger - skip non existing resourceDirectory F:\eclipse\Module5\DependencyInjection\src\main\resources
2023-05-24 21:52:47,357 [Worker-39: Building] INFO  o.e.m.c.i.embedder.EclipseLogger - Using 'UTF-8' encoding to copy filtered resources.
2023-05-24 21:52:47,357 [Worker-39: Building] INFO  o.e.m.c.i.embedder.EclipseLogger - skip non existing resourceDirectory F:\eclipse\Module5\DependencyInjection\src\test\resources
2023-05-24 22:01:38,469 [Worker-39: Building] INFO  o.e.m.c.i.embedder.EclipseLogger - Using 'UTF-8' encoding to copy filtered resources.
2023-05-24 22:01:38,469 [Worker-39: Building] INFO  o.e.m.c.i.embedder.EclipseLogger - skip non existing resourceDirectory F:\eclipse\Module5\DependencyInjection\src\main\resources
2023-05-24 22:01:38,471 [Worker-39: Building] INFO  o.e.m.c.i.embedder.EclipseLogger - Using 'UTF-8' encoding to copy filtered resources.
2023-05-24 22:01:38,471 [Worker-39: Building] INFO  o.e.m.c.i.embedder.EclipseLogger - skip non existing resourceDirectory F:\eclipse\Module5\DependencyInjection\src\test\resources
2023-05-24 22:02:23,357 [Worker-39: Building] INFO  o.e.m.c.i.embedder.EclipseLogger - Using 'UTF-8' encoding to copy filtered resources.
2023-05-24 22:02:23,358 [Worker-39: Building] INFO  o.e.m.c.i.embedder.EclipseLogger - skip non existing resourceDirectory F:\eclipse\Module5\DependencyInjection\src\main\resources
2023-05-24 22:02:23,359 [Worker-39: Building] INFO  o.e.m.c.i.embedder.EclipseLogger - Using 'UTF-8' encoding to copy filtered resources.
2023-05-24 22:02:23,360 [Worker-39: Building] INFO  o.e.m.c.i.embedder.EclipseLogger - skip non existing resourceDirectory F:\eclipse\Module5\DependencyInjection\src\test\resources
2023-05-24 22:02:52,256 [Worker-42: Building] INFO  o.e.m.c.i.embedder.EclipseLogger - Using 'UTF-8' encoding to copy filtered resources.
2023-05-24 22:02:52,256 [Worker-42: Building] INFO  o.e.m.c.i.embedder.EclipseLogger - skip non existing resourceDirectory F:\eclipse\Module5\DependencyInjection\src\main\resources
2023-05-24 22:02:52,257 [Worker-42: Building] INFO  o.e.m.c.i.embedder.EclipseLogger - Using 'UTF-8' encoding to copy filtered resources.
2023-05-24 22:02:52,257 [Worker-42: Building] INFO  o.e.m.c.i.embedder.EclipseLogger - skip non existing resourceDirectory F:\eclipse\Module5\DependencyInjection\src\test\resources
